mode: atomic
github.com/quantfamily/lemonmarkets/common/reply.go:28.67,29.23 1 0
github.com/quantfamily/lemonmarkets/common/reply.go:32.2,33.24 2 0
github.com/quantfamily/lemonmarkets/common/reply.go:36.2,37.16 2 0
github.com/quantfamily/lemonmarkets/common/reply.go:40.2,40.44 1 0
github.com/quantfamily/lemonmarkets/common/reply.go:29.23,31.3 1 0
github.com/quantfamily/lemonmarkets/common/reply.go:33.24,35.3 1 0
github.com/quantfamily/lemonmarkets/common/reply.go:37.16,39.3 1 0
github.com/quantfamily/lemonmarkets/common/client.go:35.105,37.14 2 0
github.com/quantfamily/lemonmarkets/common/client.go:44.2,45.16 2 0
github.com/quantfamily/lemonmarkets/common/client.go:48.2,52.16 4 0
github.com/quantfamily/lemonmarkets/common/client.go:55.2,55.28 1 0
github.com/quantfamily/lemonmarkets/common/client.go:58.2,58.27 1 0
github.com/quantfamily/lemonmarkets/common/client.go:62.2,67.22 5 0
github.com/quantfamily/lemonmarkets/common/client.go:37.14,39.17 2 0
github.com/quantfamily/lemonmarkets/common/client.go:42.3,42.56 1 0
github.com/quantfamily/lemonmarkets/common/client.go:39.17,41.4 1 0
github.com/quantfamily/lemonmarkets/common/client.go:45.16,47.3 1 0
github.com/quantfamily/lemonmarkets/common/client.go:52.16,54.3 1 0
github.com/quantfamily/lemonmarkets/common/client.go:55.28,57.3 1 0
github.com/quantfamily/lemonmarkets/common/client.go:58.27,60.3 1 0
github.com/quantfamily/lemonmarkets/common/error.go:11.50,14.16 3 0
github.com/quantfamily/lemonmarkets/common/error.go:17.2,19.16 3 0
github.com/quantfamily/lemonmarkets/common/error.go:23.2,23.19 1 0
github.com/quantfamily/lemonmarkets/common/error.go:14.16,16.3 1 0
github.com/quantfamily/lemonmarkets/common/error.go:19.16,22.3 2 0
github.com/quantfamily/lemonmarkets/common/error.go:41.36,43.2 1 0
github.com/quantfamily/lemonmarkets/market_data/trades.go:38.80,40.16 2 2
github.com/quantfamily/lemonmarkets/market_data/trades.go:43.2,45.16 3 1
github.com/quantfamily/lemonmarkets/market_data/trades.go:48.2,50.16 3 1
github.com/quantfamily/lemonmarkets/market_data/trades.go:40.16,42.3 1 1
github.com/quantfamily/lemonmarkets/market_data/trades.go:45.16,47.3 1 0
github.com/quantfamily/lemonmarkets/market_data/trades.go:53.90,56.6 3 1
github.com/quantfamily/lemonmarkets/market_data/trades.go:56.6,58.17 2 1
github.com/quantfamily/lemonmarkets/market_data/trades.go:61.3,61.32 1 1
github.com/quantfamily/lemonmarkets/market_data/trades.go:64.3,64.26 1 1
github.com/quantfamily/lemonmarkets/market_data/trades.go:67.3,68.17 2 0
github.com/quantfamily/lemonmarkets/market_data/trades.go:58.17,60.4 1 0
github.com/quantfamily/lemonmarkets/market_data/trades.go:61.32,63.4 1 1
github.com/quantfamily/lemonmarkets/market_data/trades.go:64.26,66.4 1 1
github.com/quantfamily/lemonmarkets/market_data/trades.go:68.17,70.4 1 0
github.com/quantfamily/lemonmarkets/market_data/instruments.go:40.98,42.16 2 2
github.com/quantfamily/lemonmarkets/market_data/instruments.go:45.2,47.16 3 1
github.com/quantfamily/lemonmarkets/market_data/instruments.go:50.2,52.16 3 1
github.com/quantfamily/lemonmarkets/market_data/instruments.go:42.16,44.3 1 1
github.com/quantfamily/lemonmarkets/market_data/instruments.go:47.16,49.3 1 0
github.com/quantfamily/lemonmarkets/market_data/instruments.go:55.100,58.6 3 1
github.com/quantfamily/lemonmarkets/market_data/instruments.go:58.6,60.17 2 1
github.com/quantfamily/lemonmarkets/market_data/instruments.go:63.3,63.42 1 1
github.com/quantfamily/lemonmarkets/market_data/instruments.go:66.3,66.26 1 1
github.com/quantfamily/lemonmarkets/market_data/instruments.go:69.3,70.17 2 0
github.com/quantfamily/lemonmarkets/market_data/instruments.go:60.17,62.4 1 0
github.com/quantfamily/lemonmarkets/market_data/instruments.go:63.42,65.4 1 1
github.com/quantfamily/lemonmarkets/market_data/instruments.go:66.26,68.4 1 1
github.com/quantfamily/lemonmarkets/market_data/instruments.go:70.17,72.4 1 0
github.com/quantfamily/lemonmarkets/market_data/market_data.go:9.45,11.2 1 0
github.com/quantfamily/lemonmarkets/market_data/ohlc.go:41.87,43.16 2 2
github.com/quantfamily/lemonmarkets/market_data/ohlc.go:46.2,48.16 3 1
github.com/quantfamily/lemonmarkets/market_data/ohlc.go:51.2,53.16 3 1
github.com/quantfamily/lemonmarkets/market_data/ohlc.go:43.16,45.3 1 1
github.com/quantfamily/lemonmarkets/market_data/ohlc.go:48.16,50.3 1 0
github.com/quantfamily/lemonmarkets/market_data/ohlc.go:59.85,61.16 2 2
github.com/quantfamily/lemonmarkets/market_data/ohlc.go:64.2,66.16 3 1
github.com/quantfamily/lemonmarkets/market_data/ohlc.go:69.2,71.16 3 1
github.com/quantfamily/lemonmarkets/market_data/ohlc.go:61.16,63.3 1 1
github.com/quantfamily/lemonmarkets/market_data/ohlc.go:66.16,68.3 1 0
github.com/quantfamily/lemonmarkets/market_data/ohlc.go:77.84,79.16 2 2
github.com/quantfamily/lemonmarkets/market_data/ohlc.go:82.2,84.16 3 1
github.com/quantfamily/lemonmarkets/market_data/ohlc.go:87.2,89.16 3 1
github.com/quantfamily/lemonmarkets/market_data/ohlc.go:79.16,81.3 1 1
github.com/quantfamily/lemonmarkets/market_data/ohlc.go:84.16,86.3 1 0
github.com/quantfamily/lemonmarkets/market_data/ohlc.go:92.87,95.6 3 3
github.com/quantfamily/lemonmarkets/market_data/ohlc.go:95.6,97.17 2 3
github.com/quantfamily/lemonmarkets/market_data/ohlc.go:100.3,100.30 1 3
github.com/quantfamily/lemonmarkets/market_data/ohlc.go:103.3,103.26 1 3
github.com/quantfamily/lemonmarkets/market_data/ohlc.go:106.3,107.17 2 0
github.com/quantfamily/lemonmarkets/market_data/ohlc.go:97.17,99.4 1 0
github.com/quantfamily/lemonmarkets/market_data/ohlc.go:100.30,102.4 1 6
github.com/quantfamily/lemonmarkets/market_data/ohlc.go:103.26,105.4 1 3
github.com/quantfamily/lemonmarkets/market_data/ohlc.go:107.17,109.4 1 0
github.com/quantfamily/lemonmarkets/market_data/quotes.go:40.79,42.16 2 2
github.com/quantfamily/lemonmarkets/market_data/quotes.go:45.2,47.16 3 1
github.com/quantfamily/lemonmarkets/market_data/quotes.go:50.2,52.16 3 1
github.com/quantfamily/lemonmarkets/market_data/quotes.go:42.16,44.3 1 1
github.com/quantfamily/lemonmarkets/market_data/quotes.go:47.16,49.3 1 0
github.com/quantfamily/lemonmarkets/market_data/quotes.go:55.90,58.6 3 1
github.com/quantfamily/lemonmarkets/market_data/quotes.go:58.6,60.17 2 1
github.com/quantfamily/lemonmarkets/market_data/quotes.go:63.3,63.32 1 1
github.com/quantfamily/lemonmarkets/market_data/quotes.go:66.3,66.26 1 1
github.com/quantfamily/lemonmarkets/market_data/quotes.go:69.3,70.17 2 0
github.com/quantfamily/lemonmarkets/market_data/quotes.go:60.17,62.4 1 0
github.com/quantfamily/lemonmarkets/market_data/quotes.go:63.32,65.4 1 1
github.com/quantfamily/lemonmarkets/market_data/quotes.go:66.26,68.4 1 1
github.com/quantfamily/lemonmarkets/market_data/quotes.go:70.17,72.4 1 0
github.com/quantfamily/lemonmarkets/trading/account.go:45.57,47.16 2 2
github.com/quantfamily/lemonmarkets/trading/account.go:50.2,52.22 3 1
github.com/quantfamily/lemonmarkets/trading/account.go:47.16,49.3 1 1
github.com/quantfamily/lemonmarkets/trading/orders.go:63.70,65.16 2 2
github.com/quantfamily/lemonmarkets/trading/orders.go:69.2,70.16 2 2
github.com/quantfamily/lemonmarkets/trading/orders.go:73.2,74.19 2 1
github.com/quantfamily/lemonmarkets/trading/orders.go:65.16,67.3 1 0
github.com/quantfamily/lemonmarkets/trading/orders.go:70.16,72.3 1 1
github.com/quantfamily/lemonmarkets/trading/orders.go:80.64,83.2 2 2
github.com/quantfamily/lemonmarkets/trading/orders.go:104.83,106.16 2 3
github.com/quantfamily/lemonmarkets/trading/orders.go:110.2,112.16 3 2
github.com/quantfamily/lemonmarkets/trading/orders.go:115.2,117.16 3 2
github.com/quantfamily/lemonmarkets/trading/orders.go:106.16,109.3 1 1
github.com/quantfamily/lemonmarkets/trading/orders.go:112.16,114.3 1 0
github.com/quantfamily/lemonmarkets/trading/orders.go:120.90,123.6 3 2
github.com/quantfamily/lemonmarkets/trading/orders.go:123.6,125.17 2 2
github.com/quantfamily/lemonmarkets/trading/orders.go:128.3,128.32 1 2
github.com/quantfamily/lemonmarkets/trading/orders.go:131.3,131.26 1 0
github.com/quantfamily/lemonmarkets/trading/orders.go:134.3,135.17 2 0
github.com/quantfamily/lemonmarkets/trading/orders.go:125.17,127.4 1 0
github.com/quantfamily/lemonmarkets/trading/orders.go:128.32,130.4 1 2
github.com/quantfamily/lemonmarkets/trading/orders.go:131.26,133.4 1 0
github.com/quantfamily/lemonmarkets/trading/orders.go:135.17,137.4 1 0
github.com/quantfamily/lemonmarkets/trading/orders.go:144.69,146.16 2 2
github.com/quantfamily/lemonmarkets/trading/orders.go:149.2,151.20 3 1
github.com/quantfamily/lemonmarkets/trading/orders.go:146.16,148.3 1 1
github.com/quantfamily/lemonmarkets/trading/orders.go:157.62,160.2 2 2
github.com/quantfamily/lemonmarkets/trading/positions.go:24.66,26.16 2 2
github.com/quantfamily/lemonmarkets/trading/positions.go:29.2,31.16 3 1
github.com/quantfamily/lemonmarkets/trading/positions.go:34.2,36.16 3 1
github.com/quantfamily/lemonmarkets/trading/positions.go:26.16,28.3 1 1
github.com/quantfamily/lemonmarkets/trading/positions.go:31.16,33.3 1 0
github.com/quantfamily/lemonmarkets/trading/positions.go:39.96,42.6 3 1
github.com/quantfamily/lemonmarkets/trading/positions.go:42.6,44.17 2 1
github.com/quantfamily/lemonmarkets/trading/positions.go:47.3,47.38 1 1
github.com/quantfamily/lemonmarkets/trading/positions.go:50.3,50.26 1 1
github.com/quantfamily/lemonmarkets/trading/positions.go:53.3,54.17 2 0
github.com/quantfamily/lemonmarkets/trading/positions.go:44.17,46.4 1 0
github.com/quantfamily/lemonmarkets/trading/positions.go:47.38,49.4 1 1
github.com/quantfamily/lemonmarkets/trading/positions.go:50.26,52.4 1 1
github.com/quantfamily/lemonmarkets/trading/positions.go:54.17,56.4 1 0
github.com/quantfamily/lemonmarkets/trading/trading.go:12.70,14.2 1 0
